0 info it worked if it ends with ok
1 verbose cli [ '/home/victor/.nvm/versions/node/v6.17.1/bin/node',
1 verbose cli   '/home/victor/.nvm/versions/node/v6.17.1/bin/npm',
1 verbose cli   'run',
1 verbose cli   'lint' ]
2 info using npm@3.10.10
3 info using node@v6.17.1
4 verbose run-script [ 'prelint', 'lint', 'postlint' ]
5 info lifecycle sd-0x-project-trybewarts-rubric@1.0.0~prelint: sd-0x-project-trybewarts-rubric@1.0.0
6 silly lifecycle sd-0x-project-trybewarts-rubric@1.0.0~prelint: no script for prelint, continuing
7 info lifecycle sd-0x-project-trybewarts-rubric@1.0.0~lint: sd-0x-project-trybewarts-rubric@1.0.0
8 verbose lifecycle sd-0x-project-trybewarts-rubric@1.0.0~lint: unsafe-perm in lifecycle true
9 verbose lifecycle sd-0x-project-trybewarts-rubric@1.0.0~lint: PATH: /home/victor/.nvm/versions/node/v6.17.1/lib/node_modules/npm/bin/node-gyp-bin:/home/victor/Trybe/github/projetos/sd-016-b-project-trybewarts/node_modules/.bin:/home/victor/.nvm/versions/node/v6.17.1/bin:/usr/local/sbin:/usr/local/bin:/usr/sbin:/usr/bin:/sbin:/bin:/usr/games:/usr/local/games:/snap/bin:/snap/bin
10 verbose lifecycle sd-0x-project-trybewarts-rubric@1.0.0~lint: CWD: /home/victor/Trybe/github/projetos/sd-016-b-project-trybewarts
11 silly lifecycle sd-0x-project-trybewarts-rubric@1.0.0~lint: Args: [ '-c',
11 silly lifecycle   'eslint --no-inline-config --no-error-on-unmatched-pattern -c .eslintrc.json . --ext .js, .jsx' ]
12 silly lifecycle sd-0x-project-trybewarts-rubric@1.0.0~lint: Returned: code: 1  signal: null
13 info lifecycle sd-0x-project-trybewarts-rubric@1.0.0~lint: Failed to exec lint script
14 verbose stack Error: sd-0x-project-trybewarts-rubric@1.0.0 lint: `eslint --no-inline-config --no-error-on-unmatched-pattern -c .eslintrc.json . --ext .js, .jsx`
14 verbose stack Exit status 1
14 verbose stack     at EventEmitter.<anonymous> (/home/victor/.nvm/versions/node/v6.17.1/lib/node_modules/npm/lib/utils/lifecycle.js:255:16)
14 verbose stack     at emitTwo (events.js:106:13)
14 verbose stack     at EventEmitter.emit (events.js:191:7)
14 verbose stack     at ChildProcess.<anonymous> (/home/victor/.nvm/versions/node/v6.17.1/lib/node_modules/npm/lib/utils/spawn.js:40:14)
14 verbose stack     at emitTwo (events.js:106:13)
14 verbose stack     at ChildProcess.emit (events.js:191:7)
14 verbose stack     at maybeClose (internal/child_process.js:920:16)
14 verbose stack     at Process.ChildProcess._handle.onexit (internal/child_process.js:230:5)
15 verbose pkgid sd-0x-project-trybewarts-rubric@1.0.0
16 verbose cwd /home/victor/Trybe/github/projetos/sd-016-b-project-trybewarts
17 error Linux 5.11.0-36-generic
18 error argv "/home/victor/.nvm/versions/node/v6.17.1/bin/node" "/home/victor/.nvm/versions/node/v6.17.1/bin/npm" "run" "lint"
19 error node v6.17.1
20 error npm  v3.10.10
21 error code ELIFECYCLE
22 error sd-0x-project-trybewarts-rubric@1.0.0 lint: `eslint --no-inline-config --no-error-on-unmatched-pattern -c .eslintrc.json . --ext .js, .jsx`
22 error Exit status 1
23 error Failed at the sd-0x-project-trybewarts-rubric@1.0.0 lint script 'eslint --no-inline-config --no-error-on-unmatched-pattern -c .eslintrc.json . --ext .js, .jsx'.
23 error Make sure you have the latest version of node.js and npm installed.
23 error If you do, this is most likely a problem with the sd-0x-project-trybewarts-rubric package,
23 error not with npm itself.
23 error Tell the author that this fails on your system:
23 error     eslint --no-inline-config --no-error-on-unmatched-pattern -c .eslintrc.json . --ext .js, .jsx
23 error You can get information on how to open an issue for this project with:
23 error     npm bugs sd-0x-project-trybewarts-rubric
23 error Or if that isn't available, you can get their info via:
23 error     npm owner ls sd-0x-project-trybewarts-rubric
23 error There is likely additional logging output above.
24 verbose exit [ 1, true ]
